{
  "stats": {
    "suites": 1,
    "tests": 5,
    "passes": 5,
    "pending": 0,
    "failures": 0,
    "start": "2024-03-27T07:28:49.944Z",
    "end": "2024-03-27T07:29:02.574Z",
    "duration": 12630,
    "testsRegistered": 5,
    "passPercent": 100,
    "pendingPercent": 0,
    "other": 0,
    "hasOther": false,
    "skipped": 0,
    "hasSkipped": false
  },
  "results": [
    {
      "uuid": "39ebcc85-47f3-4e06-9fef-220db1db4ade",
      "title": "",
      "fullFile": "cypress\\integration\\Test_Sites\\e2e_tests.saucedemo.js",
      "file": "cypress\\integration\\Test_Sites\\e2e_tests.saucedemo.js",
      "beforeHooks": [],
      "afterHooks": [],
      "tests": [],
      "suites": [
        {
          "uuid": "0f63f9cc-18c6-458a-be24-0504dffd1e67",
          "title": "Saucedemo Site Tests",
          "fullFile": "",
          "file": "",
          "beforeHooks": [],
          "afterHooks": [],
          "tests": [
            {
              "title": "Successfully logs in with valid credentials",
              "fullTitle": "Saucedemo Site Tests Successfully logs in with valid credentials",
              "timedOut": null,
              "duration": 2376,
              "state": "passed",
              "speed": "fast",
              "pass": true,
              "fail": false,
              "pending": false,
              "context": null,
              "code": "cy.get('[data-test=\"username\"]').type('standard_user');\ncy.get('[data-test=\"password\"]').type('secret_sauce');\ncy.get('[data-test=\"login-button\"]').click();\ncy.url().should('include', '/inventory.html');",
              "err": {},
              "uuid": "2e91229f-1730-42cb-b87f-e9227fa06206",
              "parentUUID": "0f63f9cc-18c6-458a-be24-0504dffd1e67",
              "isHook": false,
              "skipped": false
            },
            {
              "title": "Adds an item to the cart",
              "fullTitle": "Saucedemo Site Tests Adds an item to the cart",
              "timedOut": null,
              "duration": 1387,
              "state": "passed",
              "speed": "fast",
              "pass": true,
              "fail": false,
              "pending": false,
              "context": null,
              "code": "cy.get('[data-test=\"username\"]').type('standard_user');\ncy.get('[data-test=\"password\"]').type('secret_sauce');\ncy.get('[data-test=\"login-button\"]').click();\ncy.get('.inventory_item').first().find('button').click();\ncy.get('.shopping_cart_link').click();\ncy.get('.cart_list').find('.cart_item').should('have.length', 1);",
              "err": {},
              "uuid": "acbdb0f7-3bed-4dd2-94c5-f1f323ff58ef",
              "parentUUID": "0f63f9cc-18c6-458a-be24-0504dffd1e67",
              "isHook": false,
              "skipped": false
            },
            {
              "title": "Completes a checkout process",
              "fullTitle": "Saucedemo Site Tests Completes a checkout process",
              "timedOut": null,
              "duration": 2767,
              "state": "passed",
              "speed": "fast",
              "pass": true,
              "fail": false,
              "pending": false,
              "context": null,
              "code": "cy.get('[data-test=\"username\"]').type('standard_user');\ncy.get('[data-test=\"password\"]').type('secret_sauce');\ncy.get('[data-test=\"login-button\"]').click();\ncy.get('.inventory_item').first().find('button').click();\ncy.get('.shopping_cart_link').click();\ncy.get('[data-test=\"checkout\"]').click();\ncy.get('[data-test=\"firstName\"]').type('John');\ncy.get('[data-test=\"lastName\"]').type('Doe');\ncy.get('[data-test=\"postalCode\"]').type('12345');\ncy.get('[data-test=\"continue\"]').click();\ncy.get('[data-test=\"finish\"]').click();\ncy.get('.complete-header').should('have.text', 'Thank you for your order!');",
              "err": {},
              "uuid": "076a9954-ca92-41cd-b40b-d2c3bed614e7",
              "parentUUID": "0f63f9cc-18c6-458a-be24-0504dffd1e67",
              "isHook": false,
              "skipped": false
            },
            {
              "title": "Logs out from the application",
              "fullTitle": "Saucedemo Site Tests Logs out from the application",
              "timedOut": null,
              "duration": 1258,
              "state": "passed",
              "speed": "fast",
              "pass": true,
              "fail": false,
              "pending": false,
              "context": null,
              "code": "cy.get('[data-test=\"username\"]').type('standard_user');\ncy.get('[data-test=\"password\"]').type('secret_sauce');\ncy.get('[data-test=\"login-button\"]').click();\ncy.get('#react-burger-menu-btn').click();\ncy.get('#logout_sidebar_link').click();\ncy.get('[data-test=\"login-button\"]').should('be.visible');",
              "err": {},
              "uuid": "3505bf91-c8ee-4da3-8062-b80c87400f3a",
              "parentUUID": "0f63f9cc-18c6-458a-be24-0504dffd1e67",
              "isHook": false,
              "skipped": false
            },
            {
              "title": "Custom Command: Use custom login command",
              "fullTitle": "Saucedemo Site Tests Custom Command: Use custom login command",
              "timedOut": null,
              "duration": 205,
              "state": "passed",
              "speed": "fast",
              "pass": true,
              "fail": false,
              "pending": false,
              "context": null,
              "code": "it('Logs in using the custom command', () => {\n  cy.login('standard_user', 'secret_sauce'); // Use the custom 'login' command\n  cy.url().should('include', '/inventory.html');\n});",
              "err": {},
              "uuid": "7e9edbb8-55d4-4d91-a208-83cd36504b2c",
              "parentUUID": "0f63f9cc-18c6-458a-be24-0504dffd1e67",
              "isHook": false,
              "skipped": false
            }
          ],
          "suites": [],
          "passes": [
            "2e91229f-1730-42cb-b87f-e9227fa06206",
            "acbdb0f7-3bed-4dd2-94c5-f1f323ff58ef",
            "076a9954-ca92-41cd-b40b-d2c3bed614e7",
            "3505bf91-c8ee-4da3-8062-b80c87400f3a",
            "7e9edbb8-55d4-4d91-a208-83cd36504b2c"
          ],
          "failures": [],
          "pending": [],
          "skipped": [],
          "duration": 7993,
          "root": false,
          "rootEmpty": false,
          "_timeout": 2000
        }
      ],
      "passes": [],
      "failures": [],
      "pending": [],
      "skipped": [],
      "duration": 0,
      "root": true,
      "rootEmpty": true,
      "_timeout": 2000
    }
  ],
  "meta": {
    "mocha": {
      "version": "7.0.1"
    },
    "mochawesome": {
      "options": {
        "quiet": false,
        "reportFilename": "mochawesome",
        "saveHtml": false,
        "saveJson": true,
        "consoleReporter": "spec",
        "useInlineDiffs": false,
        "code": true
      },
      "version": "7.1.3"
    },
    "marge": {
      "options": {
        "reportDir": "cypress/reports",
        "overwrite": false,
        "html": false,
        "json": true
      },
      "version": "6.2.0"
    }
  }
}